<?xml version="1.0" encoding="UTF-8"?><testrun name="TesteLogin" project="webdriverJava" tests="1" started="1" failures="0" errors="1" ignored="0">
  <testsuite name="webdriverJava.TesteLogin" time="30.52">
    <testcase name="PreencherCadastroCOMSucesso" classname="webdriverJava.TesteLogin" time="30.52">
      <error>org.openqa.selenium.TimeoutException: Expected condition failed: waiting for text to be "Brazil". Current text: "Afganistan
Albania
Algeria
American Samoa
Andora
Angola
Anguilla
Antigua and Barbuda
Argentina
Armenia
Aruba
Australia
Austria
Azerbaijan
Bahamas
Bahrain
Bangladesh
Barbados
Belarus
Belgium
Belize
Benin
Bermuda
Bhutan
Bolivia
Bonaire
Bosnia and Herzegovina
Botswana
Brazil
Brunei
Bulgaria
Burkina Faso
Burundi 
Cambodia
Cameroon
Canada
Canary Islands
Cape Verde aranelle
Cayman Islands
Central African Republic
Chad
Chile
China
Colombia
Comoro Islands
Congo
Cook Islands
Costa Rica
Croatia
Cuba
Cyprus
Czech Republic
Democratic Republic of Congo
Denmark
Djibouti
Dominica
Dominican Republic
Dutch (Netherlands) Antilles
East Timor
Ecuador
Egypt
El Salvador
England
Equatorial Guinea
Eritrea 
Estonia
Ethiopia
Falkland Islands
Fiji
Finland
France
French Guyana
French Polynesia
Gabonaise
Gambia
Georgia
Germany
Ghana
Gibraltar
Greece
Greenland
Grenada
Guadeloupe
Guam
Guatemala
Guernsey
Guinea
Guinea Bissau
Guyana
Haiti
Hawai
Heard Island
Honduras
Hong Kong
Hungary
Iceland
India
Indonesia
Iran
Iraq
Ireland
Isle of Man
Israel
Italy
Ivory Cost
Jamaica
Japan
Jersey
Jordan
Kazakhstan
Kenya
Kiribati
Kosovo
Kuwait
Kyrgyzstan
Laos
Latvia
Lebanon
Lesotho
Liberia
Libya
Liechtenstein
Lithuania
Luxembourg
Macau
Macedonia
Macquarie Island
Madagascar
Malawi
Malaysia
maldives Islands
Mali
Malta
Marocco
Marshal Islands
Martinique 
Mauritania
Mauritius
Mayotte
Mexico
Micronesia
Midway Atol
Moldova
Monaco
Mongolia
Montenegro
Montserrat
Mozambique
Myanmar (Burma)
Namibia
Nauru
Nepal
Netherland
New Caledonia
New Zealand
Nicaragua
Niger
Nigeria
Norfolk Islands
Northen Ireland
North Korea
Norway
Oman
Pakistan
Palau
Palestinian Authority
Panama
Paraguay
Peru
Philippines
Poland
Portugal
Puerto Rico
Puerto Rico
Qatar
Reunion
Romania
Russia
Rwanda
Saint Helena Island
Saint Kitts and Nevis
Saint Vincent and the Grenadines
Samoa
San Marino
Sao Tome
Saudi Arabia
Scotland 
Senegal
Serbia
Seychelles Islands
Sierra Leone
Singapore
Slovakia
Slovenia
Solomon Islands
Somalia
South Africa
South Georgia
South Korea
South Sudan
Spain
Sri Lanka
St. Lucia
Sudan
Surinam
Swaziland
Sweden
Switzerland
Syria
Tadzhikistan
Taiwan
Tanzania
Thailand
Togo (Togolese)
Tokelau
Tonga
Trinidad and Tobago
Tunisia
Turkey
Turkmenistan 
Turks and Caicos Islands
Uganda
Ukraine
United Arab Emirates
United Kingdom
United States
Uruguay
Uzbekistan
Vanuatu
Vatican
Vatican
Venezuela
Vietnam
Virgin Islands (UK)
Virgin Islands (USA)
Wales
Wallis and Futuna Islands
Yemen
Zambia
Zanzibar 
Zimbabwe " (tried for 15 second(s) with 250 MILLISECONDS interval)
Build info: version: '3.4.0', revision: 'unknown', time: 'unknown'
System info: host: 'SKAR1201142', ip: '192.168.1.22', os.name: 'Windows 10', os.arch: 'amd64', os.version: '10.0', java.version: '1.8.0_241'
Driver info: driver.version: unknown&#13;
	at org.openqa.selenium.support.ui.FluentWait.timeoutException(FluentWait.java:264)&#13;
	at org.openqa.selenium.support.ui.FluentWait.until(FluentWait.java:232)&#13;
	at webdriverJava.TesteLogin.PreencherCadastroCOMSucesso(TesteLogin.java:68)&#13;
	at sun.reflect.NativeMethodAccessorImpl.invoke0(Native Method)&#13;
	at sun.reflect.NativeMethodAccessorImpl.invoke(Unknown Source)&#13;
	at sun.reflect.DelegatingMethodAccessorImpl.invoke(Unknown Source)&#13;
	at java.lang.reflect.Method.invoke(Unknown Source)&#13;
	at org.junit.runners.model.FrameworkMethod$1.runReflectiveCall(FrameworkMethod.java:50)&#13;
	at org.junit.internal.runners.model.ReflectiveCallable.run(ReflectiveCallable.java:12)&#13;
	at org.junit.runners.model.FrameworkMethod.invokeExplosively(FrameworkMethod.java:47)&#13;
	at org.junit.internal.runners.statements.InvokeMethod.evaluate(InvokeMethod.java:17)&#13;
	at org.junit.internal.runners.statements.RunBefores.evaluate(RunBefores.java:26)&#13;
	at org.junit.runners.ParentRunner.runLeaf(ParentRunner.java:325)&#13;
	at org.junit.runners.BlockJUnit4ClassRunner.runChild(BlockJUnit4ClassRunner.java:78)&#13;
	at org.junit.runners.BlockJUnit4ClassRunner.runChild(BlockJUnit4ClassRunner.java:57)&#13;
	at org.junit.runners.ParentRunner$3.run(ParentRunner.java:290)&#13;
	at org.junit.runners.ParentRunner$1.schedule(ParentRunner.java:71)&#13;
	at org.junit.runners.ParentRunner.runChildren(ParentRunner.java:288)&#13;
	at org.junit.runners.ParentRunner.access$000(ParentRunner.java:58)&#13;
	at org.junit.runners.ParentRunner$2.evaluate(ParentRunner.java:268)&#13;
	at org.junit.runners.ParentRunner.run(ParentRunner.java:363)&#13;
	at org.eclipse.jdt.internal.junit4.runner.JUnit4TestReference.run(JUnit4TestReference.java:89)&#13;
	at org.eclipse.jdt.internal.junit.runner.TestExecution.run(TestExecution.java:41)&#13;
	at org.eclipse.jdt.internal.junit.runner.RemoteTestRunner.runTests(RemoteTestRunner.java:542)&#13;
	at org.eclipse.jdt.internal.junit.runner.RemoteTestRunner.runTests(RemoteTestRunner.java:770)&#13;
	at org.eclipse.jdt.internal.junit.runner.RemoteTestRunner.run(RemoteTestRunner.java:464)&#13;
	at org.eclipse.jdt.internal.junit.runner.RemoteTestRunner.main(RemoteTestRunner.java:210)&#13;
&#13;
</error>
    </testcase>
  </testsuite>
</testrun>
